<?xml version="1.0" encoding="UTF-8"?>
<!-- Generated by org.testng.reporters.JUnitXMLReporter -->
<testsuite ignored="0" hostname="ATLS-AA04" failures="0" tests="9" name="playOn App Test Cases" time="397.251" errors="0" timestamp="2022-02-05T17:21:59 IST">
  <testcase classname="axx.playOn.automation.LoginPagePlayonTest" name="verifyLoginText" time="7.184"/>
  <testcase classname="axx.playOn.automation.LoginPagePlayonTest" name="login" time="19.293"/>
  <testcase classname="axx.playOn.automation.HomePagePlayonTest" name="clickOnBusinessPartnerTest" time="3.485"/>
  <testcase classname="axx.playOn.automation.RegisterPageTest" name="verifyRegisterText" time="6.903"/>
  <testcase classname="axx.playOn.automation.RegisterPageTest" name="clickOnRegister" time="19.894"/>
  <testcase classname="axx.playOn.automation.businessPartnerRegistrationPageTest" name="verifyRegisterText" time="29.204"/>
  <testcase classname="axx.playOn.automation.businessPartnerRegistrationPageTest" name="clickOnRegister" time="24.182"/>
  <testcase classname="axx.playOn.automation.corporationDeatilsPageTest" name="verifycorporationpage" time="49.569"/>
  <testcase classname="axx.playOn.automation.corporationDeatilsPageTest" name="verifyRegisterText" time="29.782"/>
</testsuite> <!-- playOn App Test Cases -->
